Using pre-set license
Built from '2021.3/staging' branch; Version is '2021.3.7f1 (24e8595d6d43) revision 2418777'; Using compiler version '192829333'; Build Type 'Release'
OS: 'Windows 11  (10.0.22000) 64bit Professional' Language: 'en' Physical Memory: 16251 MB
BatchMode: 1, IsHumanControllingUs: 0, StartBugReporterOnCrash: 0, Is64bit: 1, IsPro: 1

COMMAND LINE ARGUMENTS:
C:\Program Files\Unity\Hub\Editor\2021.3.7f1\Editor\Unity.exe
-adb2
-batchMode
-noUpm
-name
AssetImportWorker2
-projectPath
C:/Users/ma-ri/Trab 1 - Pixelate
-logFile
Logs/AssetImportWorker2.log
-srvPort
57371
Successfully changed project path to: C:/Users/ma-ri/Trab 1 - Pixelate
C:/Users/ma-ri/Trab 1 - Pixelate
[UnityMemory] Configuration Parameters - Can be set up in boot.config
    "memorysetup-bucket-allocator-granularity=16"
    "memorysetup-bucket-allocator-bucket-count=8"
    "memorysetup-bucket-allocator-block-size=33554432"
    "memorysetup-bucket-allocator-block-count=8"
    "memorysetup-main-allocator-block-size=16777216"
    "memorysetup-thread-allocator-block-size=16777216"
    "memorysetup-gfx-main-allocator-block-size=16777216"
    "memorysetup-gfx-thread-allocator-block-size=16777216"
    "memorysetup-cache-allocator-block-size=4194304"
    "memorysetup-typetree-allocator-block-size=2097152"
    "memorysetup-profiler-bucket-allocator-granularity=16"
    "memorysetup-profiler-bucket-allocator-bucket-count=8"
    "memorysetup-profiler-bucket-allocator-block-size=33554432"
    "memorysetup-profiler-bucket-allocator-block-count=8"
    "memorysetup-profiler-allocator-block-size=16777216"
    "memorysetup-profiler-editor-allocator-block-size=1048576"
    "memorysetup-temp-allocator-size-main=16777216"
    "memorysetup-job-temp-allocator-block-size=2097152"
    "memorysetup-job-temp-allocator-block-size-background=1048576"
    "memorysetup-job-temp-allocator-reduction-small-platforms=262144"
    "memorysetup-temp-allocator-size-background-worker=32768"
    "memorysetup-temp-allocator-size-job-worker=262144"
    "memorysetup-temp-allocator-size-preload-manager=33554432"
    "memorysetup-temp-allocator-size-nav-mesh-worker=65536"
    "memorysetup-temp-allocator-size-audio-worker=65536"
    "memorysetup-temp-allocator-size-cloud-worker=32768"
    "memorysetup-temp-allocator-size-gi-baking-worker=262144"
    "memorysetup-temp-allocator-size-gfx=262144"
Refreshing native plugins compatible for Editor in 355.69 ms, found 3 plugins.
Preloading 0 native plugins for Editor in 0.00 ms.
Initialize engine version: 2021.3.7f1 (24e8595d6d43)
[Subsystems] Discovering subsystems at path C:/Program Files/Unity/Hub/Editor/2021.3.7f1/Editor/Data/Resources/UnitySubsystems
[Subsystems] Discovering subsystems at path C:/Users/ma-ri/Trab 1 - Pixelate/Assets
GfxDevice: creating device client; threaded=0; jobified=0
Direct3D:
    Version:  Direct3D 11.0 [level 11.1]
    Renderer: Intel(R) UHD Graphics (ID=0x9bc4)
    Vendor:   Intel
    VRAM:     8125 MB
    Driver:   27.20.100.9664
Initialize mono
Mono path[0] = 'C:/Program Files/Unity/Hub/Editor/2021.3.7f1/Editor/Data/Managed'
Mono path[1] = 'C:/Program Files/Unity/Hub/Editor/2021.3.7f1/Editor/Data/MonoBleedingEdge/lib/mono/unityjit-win32'
Mono config path = 'C:/Program Files/Unity/Hub/Editor/2021.3.7f1/Editor/Data/MonoBleedingEdge/etc'
Using monoOptions --debugger-agent=transport=dt_socket,embedding=1,server=y,suspend=n,address=127.0.0.1:56528
Begin MonoManager ReloadAssembly
Registering precompiled unity dll's ...
Register platform support module: C:/Program Files/Unity/Hub/Editor/2021.3.7f1/Editor/Data/PlaybackEngines/WebGLSupport/UnityEditor.WebGL.Extensions.dll
Register platform support module: C:/Program Files/Unity/Hub/Editor/2021.3.7f1/Editor/Data/PlaybackEngines/WindowsStandaloneSupport/UnityEditor.WindowsStandalone.Extensions.dll
Registered in 0.006355 seconds.
Native extension for WindowsStandalone target not found
Native extension for WebGL target not found
Refreshing native plugins compatible for Editor in 111.41 ms, found 3 plugins.
Preloading 0 native plugins for Editor in 0.00 ms.
Mono: successfully reloaded assembly
- Completed reload, in  0.837 seconds
Domain Reload Profiling:
	ReloadAssembly (838ms)
		BeginReloadAssembly (99ms)
			ExecutionOrderSort (0ms)
			DisableScriptedObjects (0ms)
			BackupInstance (0ms)
			ReleaseScriptingObjects (0ms)
			CreateAndSetChildDomain (1ms)
		EndReloadAssembly (582ms)
			LoadAssemblies (97ms)
			RebuildTransferFunctionScriptingTraits (0ms)
			SetupTypeCache (144ms)
			ReleaseScriptCaches (0ms)
			RebuildScriptCaches (37ms)
			SetupLoadedEditorAssemblies (339ms)
				LogAssemblyErrors (0ms)
				InitializePlatformSupportModulesInManaged (10ms)
				SetLoadedEditorAssemblies (0ms)
				RefreshPlugins (112ms)
				BeforeProcessingInitializeOnLoad (1ms)
				ProcessInitializeOnLoadAttributes (154ms)
				ProcessInitializeOnLoadMethodAttributes (62ms)
				AfterProcessingInitializeOnLoad (0ms)
				EditorAssembliesLoaded (0ms)
			ExecutionOrderSort2 (0ms)
			AwakeInstancesAfterBackupRestoration (0ms)
Platform modules already initialized, skipping
Registering precompiled user dll's ...
Registered in 0.008965 seconds.
Begin MonoManager ReloadAssembly
Symbol file LoadedFromMemory doesn't match image C:\Users\ma-ri\Trab 1 - Pixelate\Library\PackageCache\com.unity.visualscripting@1.7.8\Editor\VisualScripting.Core\Dependencies\YamlDotNet\Unity.VisualScripting.YamlDotNet.dll
Symbol file LoadedFromMemory doesn't match image C:\Users\ma-ri\Trab 1 - Pixelate\Library\PackageCache\com.unity.visualscripting@1.7.8\Editor\VisualScripting.Core\Dependencies\DotNetZip\Unity.VisualScripting.IonicZip.dll
Native extension for WindowsStandalone target not found
Native extension for WebGL target not found
Refreshing native plugins compatible for Editor in 0.56 ms, found 3 plugins.
Preloading 0 native plugins for Editor in 0.00 ms.
Mono: successfully reloaded assembly
- Completed reload, in  1.332 seconds
Domain Reload Profiling:
	ReloadAssembly (1333ms)
		BeginReloadAssembly (138ms)
			ExecutionOrderSort (0ms)
			DisableScriptedObjects (8ms)
			BackupInstance (0ms)
			ReleaseScriptingObjects (0ms)
			CreateAndSetChildDomain (25ms)
		EndReloadAssembly (1052ms)
			LoadAssemblies (95ms)
			RebuildTransferFunctionScriptingTraits (0ms)
			SetupTypeCache (317ms)
			ReleaseScriptCaches (1ms)
			RebuildScriptCaches (54ms)
			SetupLoadedEditorAssemblies (538ms)
				LogAssemblyErrors (0ms)
				InitializePlatformSupportModulesInManaged (7ms)
				SetLoadedEditorAssemblies (1ms)
				RefreshPlugins (1ms)
				BeforeProcessingInitializeOnLoad (119ms)
				ProcessInitializeOnLoadAttributes (371ms)
				ProcessInitializeOnLoadMethodAttributes (33ms)
				AfterProcessingInitializeOnLoad (7ms)
				EditorAssembliesLoaded (0ms)
			ExecutionOrderSort2 (0ms)
			AwakeInstancesAfterBackupRestoration (6ms)
Platform modules already initialized, skipping
========================================================================
Worker process is ready to serve import requests
Launched and connected shader compiler UnityShaderCompiler.exe after 0.08 seconds
Refreshing native plugins compatible for Editor in 0.69 ms, found 3 plugins.
Preloading 0 native plugins for Editor in 0.00 ms.
Unloading 3378 Unused Serialized files (Serialized files now loaded: 0)
Unloading 27 unused Assets / (110.9 KB). Loaded Objects now: 3835.
Memory consumption went from 116.1 MB to 116.0 MB.
Total: 4.001300 ms (FindLiveObjects: 0.352000 ms CreateObjectMapping: 0.296800 ms MarkObjects: 3.224600 ms  DeleteObjects: 0.127100 ms)

AssetImportParameters requested are different than current active one (requested -> active):
  custom:video-decoder-ogg-theora: a1e56fd34408186e4bbccfd4996cb3dc -> 
  custom:container-muxer-webm: aa71ff27fc2769a1b78a27578f13a17b -> 
  custom:container-demuxer-webm: 4f35f7cbe854078d1ac9338744f61a02 -> 
  custom:video-encoder-webm-vp8: eb34c28f22e8b96e1ab97ce403110664 -> 
  custom:audio-encoder-webm-vorbis: bf7c407c2cedff20999df2af8eb42d56 -> 
  custom:framework-win-MediaFoundation: 216162199b28c13a410421893ffa2e32 -> 
  custom:container-demuxer-ogg: 62fdf1f143b41e24485cea50d1cbac27 -> 
  custom:video-decoder-webm-vp8: 9c59270c3fd7afecdb556c50c9e8de78 -> 
  custom:audio-decoder-ogg-vorbis: bf7c407c2cedff20999df2af8eb42d56 -> 
========================================================================
Received Import Request.
  Time since last request: 1467066.749463 seconds.
  path: Assets/Shaders/ShaderHandler.cs
  artifactKey: Guid(065fc2be4484b1740b6d08a65c7584f5) Importer(815301076,1909f56bfc062723c751e8b465ee728b)
Start importing Assets/Shaders/ShaderHandler.cs using Guid(065fc2be4484b1740b6d08a65c7584f5) Importer(815301076,1909f56bfc062723c751e8b465ee728b)  -> (artifact id: 'cc3384aa76ca3b32f496600563140699') in 0.030405 seconds 
========================================================================
Received Prepare
Registering precompiled user dll's ...
Registered in 0.007168 seconds.
Begin MonoManager ReloadAssembly
Symbol file LoadedFromMemory doesn't match image C:\Users\ma-ri\Trab 1 - Pixelate\Library\PackageCache\com.unity.visualscripting@1.7.8\Editor\VisualScripting.Core\Dependencies\YamlDotNet\Unity.VisualScripting.YamlDotNet.dll
Symbol file LoadedFromMemory doesn't match image C:\Users\ma-ri\Trab 1 - Pixelate\Library\PackageCache\com.unity.visualscripting@1.7.8\Editor\VisualScripting.Core\Dependencies\DotNetZip\Unity.VisualScripting.IonicZip.dll
Native extension for WindowsStandalone target not found
Native extension for WebGL target not found
Refreshing native plugins compatible for Editor in 2.30 ms, found 3 plugins.
Preloading 0 native plugins for Editor in 0.00 ms.
Mono: successfully reloaded assembly
- Completed reload, in  1.914 seconds
Domain Reload Profiling:
	ReloadAssembly (1916ms)
		BeginReloadAssembly (195ms)
			ExecutionOrderSort (0ms)
			DisableScriptedObjects (7ms)
			BackupInstance (0ms)
			ReleaseScriptingObjects (0ms)
			CreateAndSetChildDomain (55ms)
		EndReloadAssembly (1557ms)
			LoadAssemblies (128ms)
			RebuildTransferFunctionScriptingTraits (0ms)
			SetupTypeCache (447ms)
			ReleaseScriptCaches (1ms)
			RebuildScriptCaches (84ms)
			SetupLoadedEditorAssemblies (726ms)
				LogAssemblyErrors (0ms)
				InitializePlatformSupportModulesInManaged (33ms)
				SetLoadedEditorAssemblies (1ms)
				RefreshPlugins (3ms)
				BeforeProcessingInitializeOnLoad (166ms)
				ProcessInitializeOnLoadAttributes (410ms)
				ProcessInitializeOnLoadMethodAttributes (92ms)
				AfterProcessingInitializeOnLoad (20ms)
				EditorAssembliesLoaded (1ms)
			ExecutionOrderSort2 (0ms)
			AwakeInstancesAfterBackupRestoration (20ms)
Platform modules already initialized, skipping
Refreshing native plugins compatible for Editor in 2.44 ms, found 3 plugins.
Preloading 0 native plugins for Editor in 0.00 ms.
Unloading 3373 Unused Serialized files (Serialized files now loaded: 0)
Unloading 20 unused Assets / (78.2 KB). Loaded Objects now: 3838.
Memory consumption went from 116.0 MB to 116.0 MB.
Total: 3.882900 ms (FindLiveObjects: 0.290500 ms CreateObjectMapping: 0.202600 ms MarkObjects: 3.287600 ms  DeleteObjects: 0.101300 ms)

AssetImportParameters requested are different than current active one (requested -> active):
  custom:video-decoder-ogg-theora: a1e56fd34408186e4bbccfd4996cb3dc -> 
  custom:container-muxer-webm: aa71ff27fc2769a1b78a27578f13a17b -> 
  custom:container-demuxer-webm: 4f35f7cbe854078d1ac9338744f61a02 -> 
  custom:video-encoder-webm-vp8: eb34c28f22e8b96e1ab97ce403110664 -> 
  custom:audio-encoder-webm-vorbis: bf7c407c2cedff20999df2af8eb42d56 -> 
  custom:framework-win-MediaFoundation: 216162199b28c13a410421893ffa2e32 -> 
  custom:container-demuxer-ogg: 62fdf1f143b41e24485cea50d1cbac27 -> 
  custom:video-decoder-webm-vp8: 9c59270c3fd7afecdb556c50c9e8de78 -> 
  custom:audio-decoder-ogg-vorbis: bf7c407c2cedff20999df2af8eb42d56 -> 
========================================================================
Received Import Request.
  Time since last request: 8.223355 seconds.
  path: Assets/Shaders
  artifactKey: Guid(eac9a225098fc8c46854c514a53487d5) Importer(815301076,1909f56bfc062723c751e8b465ee728b)
Start importing Assets/Shaders using Guid(eac9a225098fc8c46854c514a53487d5) Importer(815301076,1909f56bfc062723c751e8b465ee728b)  -> (artifact id: '530a29b8f4618ae3601e7fc321232a66') in 0.011265 seconds 
========================================================================
Received Import Request.
  Time since last request: 9.257434 seconds.
  path: Assets/Shaders/Pixelation.shader
  artifactKey: Guid(6eee8f6e326810349bd8245e96b2250a) Importer(815301076,1909f56bfc062723c751e8b465ee728b)
Start importing Assets/Shaders/Pixelation.shader using Guid(6eee8f6e326810349bd8245e96b2250a) Importer(815301076,1909f56bfc062723c751e8b465ee728b)  -> (artifact id: '8cf304a8a45bbc821b35793750d52349') in 0.044259 seconds 
========================================================================
Received Import Request.
  Time since last request: 16.669987 seconds.
  path: Assets/Shaders/Pixelation.mat
  artifactKey: Guid(45c0dd9fcfe141d45be0a50391a2ffb5) Importer(815301076,1909f56bfc062723c751e8b465ee728b)
Start importing Assets/Shaders/Pixelation.mat using Guid(45c0dd9fcfe141d45be0a50391a2ffb5) Importer(815301076,1909f56bfc062723c751e8b465ee728b)  -> (artifact id: 'ada92c54729ced9a074e5d389b5b95dc') in 0.430798 seconds 
========================================================================
Received Import Request.
  Time since last request: 207.263472 seconds.
  path: Assets/Shaders/ShaderHandler.cs
  artifactKey: Guid(065fc2be4484b1740b6d08a65c7584f5) Importer(815301076,1909f56bfc062723c751e8b465ee728b)
Start importing Assets/Shaders/ShaderHandler.cs using Guid(065fc2be4484b1740b6d08a65c7584f5) Importer(815301076,1909f56bfc062723c751e8b465ee728b)  -> (artifact id: '492dddfde2f5e80892aa57441199510d') in 0.007059 seconds 
========================================================================
Received Import Request.
  Time since last request: 368.363148 seconds.
  path: Assets/Shaders/Pixelation.shader
  artifactKey: Guid(6eee8f6e326810349bd8245e96b2250a) Importer(815301076,1909f56bfc062723c751e8b465ee728b)
Start importing Assets/Shaders/Pixelation.shader using Guid(6eee8f6e326810349bd8245e96b2250a) Importer(815301076,1909f56bfc062723c751e8b465ee728b)  -> (artifact id: '57436d0c7fc272ab2a1eacf711391dbc') in 0.004720 seconds 
========================================================================
Received Prepare
Registering precompiled user dll's ...
Registered in 0.007435 seconds.
Begin MonoManager ReloadAssembly
Symbol file LoadedFromMemory doesn't match image C:\Users\ma-ri\Trab 1 - Pixelate\Library\PackageCache\com.unity.visualscripting@1.7.8\Editor\VisualScripting.Core\Dependencies\YamlDotNet\Unity.VisualScripting.YamlDotNet.dll
Symbol file LoadedFromMemory doesn't match image C:\Users\ma-ri\Trab 1 - Pixelate\Library\PackageCache\com.unity.visualscripting@1.7.8\Editor\VisualScripting.Core\Dependencies\DotNetZip\Unity.VisualScripting.IonicZip.dll
Native extension for WindowsStandalone target not found
Native extension for WebGL target not found
Refreshing native plugins compatible for Editor in 1.66 ms, found 3 plugins.
Preloading 0 native plugins for Editor in 0.00 ms.
Mono: successfully reloaded assembly
- Completed reload, in  3.065 seconds
Domain Reload Profiling:
	ReloadAssembly (3068ms)
		BeginReloadAssembly (216ms)
			ExecutionOrderSort (0ms)
			DisableScriptedObjects (7ms)
			BackupInstance (0ms)
			ReleaseScriptingObjects (0ms)
			CreateAndSetChildDomain (58ms)
		EndReloadAssembly (2684ms)
			LoadAssemblies (133ms)
			RebuildTransferFunctionScriptingTraits (0ms)
			SetupTypeCache (642ms)
			ReleaseScriptCaches (4ms)
			RebuildScriptCaches (185ms)
			SetupLoadedEditorAssemblies (1400ms)
				LogAssemblyErrors (0ms)
				InitializePlatformSupportModulesInManaged (59ms)
				SetLoadedEditorAssemblies (2ms)
				RefreshPlugins (2ms)
				BeforeProcessingInitializeOnLoad (290ms)
				ProcessInitializeOnLoadAttributes (900ms)
				ProcessInitializeOnLoadMethodAttributes (120ms)
				AfterProcessingInitializeOnLoad (26ms)
				EditorAssembliesLoaded (1ms)
			ExecutionOrderSort2 (0ms)
			AwakeInstancesAfterBackupRestoration (25ms)
Platform modules already initialized, skipping
Refreshing native plugins compatible for Editor in 3.92 ms, found 3 plugins.
Preloading 0 native plugins for Editor in 0.00 ms.
Unloading 3374 Unused Serialized files (Serialized files now loaded: 0)
Unloading 21 unused Assets / (101.2 KB). Loaded Objects now: 3880.
Memory consumption went from 120.8 MB to 120.7 MB.
Total: 5.009500 ms (FindLiveObjects: 0.396800 ms CreateObjectMapping: 0.438600 ms MarkObjects: 4.030900 ms  DeleteObjects: 0.142000 ms)

AssetImportParameters requested are different than current active one (requested -> active):
  custom:video-decoder-ogg-theora: a1e56fd34408186e4bbccfd4996cb3dc -> 
  custom:container-muxer-webm: aa71ff27fc2769a1b78a27578f13a17b -> 
  custom:container-demuxer-webm: 4f35f7cbe854078d1ac9338744f61a02 -> 
  custom:video-encoder-webm-vp8: eb34c28f22e8b96e1ab97ce403110664 -> 
  custom:audio-encoder-webm-vorbis: bf7c407c2cedff20999df2af8eb42d56 -> 
  custom:framework-win-MediaFoundation: 216162199b28c13a410421893ffa2e32 -> 
  custom:container-demuxer-ogg: 62fdf1f143b41e24485cea50d1cbac27 -> 
  custom:video-decoder-webm-vp8: 9c59270c3fd7afecdb556c50c9e8de78 -> 
  custom:audio-decoder-ogg-vorbis: bf7c407c2cedff20999df2af8eb42d56 -> 
========================================================================
Received Import Request.
  Time since last request: 284.664872 seconds.
  path: Assets/Shaders/ShaderHandler.cs
  artifactKey: Guid(065fc2be4484b1740b6d08a65c7584f5) Importer(815301076,1909f56bfc062723c751e8b465ee728b)
Start importing Assets/Shaders/ShaderHandler.cs using Guid(065fc2be4484b1740b6d08a65c7584f5) Importer(815301076,1909f56bfc062723c751e8b465ee728b)  -> (artifact id: '740b2e07b958afd351bcdb1e3ea3d369') in 0.018582 seconds 
========================================================================
Received Prepare
Registering precompiled user dll's ...
Registered in 0.007456 seconds.
Begin MonoManager ReloadAssembly
Symbol file LoadedFromMemory doesn't match image C:\Users\ma-ri\Trab 1 - Pixelate\Library\PackageCache\com.unity.visualscripting@1.7.8\Editor\VisualScripting.Core\Dependencies\YamlDotNet\Unity.VisualScripting.YamlDotNet.dll
Symbol file LoadedFromMemory doesn't match image C:\Users\ma-ri\Trab 1 - Pixelate\Library\PackageCache\com.unity.visualscripting@1.7.8\Editor\VisualScripting.Core\Dependencies\DotNetZip\Unity.VisualScripting.IonicZip.dll
Native extension for WindowsStandalone target not found
Native extension for WebGL target not found
Refreshing native plugins compatible for Editor in 0.80 ms, found 3 plugins.
Preloading 0 native plugins for Editor in 0.00 ms.
Mono: successfully reloaded assembly
- Completed reload, in  1.893 seconds
Domain Reload Profiling:
	ReloadAssembly (1894ms)
		BeginReloadAssembly (203ms)
			ExecutionOrderSort (0ms)
			DisableScriptedObjects (11ms)
			BackupInstance (0ms)
			ReleaseScriptingObjects (0ms)
			CreateAndSetChildDomain (56ms)
		EndReloadAssembly (1514ms)
			LoadAssemblies (132ms)
			RebuildTransferFunctionScriptingTraits (0ms)
			SetupTypeCache (509ms)
			ReleaseScriptCaches (2ms)
			RebuildScriptCaches (83ms)
			SetupLoadedEditorAssemblies (694ms)
				LogAssemblyErrors (0ms)
				InitializePlatformSupportModulesInManaged (26ms)
				SetLoadedEditorAssemblies (1ms)
				RefreshPlugins (1ms)
				BeforeProcessingInitializeOnLoad (146ms)
				ProcessInitializeOnLoadAttributes (444ms)
				ProcessInitializeOnLoadMethodAttributes (61ms)
				AfterProcessingInitializeOnLoad (14ms)
				EditorAssembliesLoaded (0ms)
			ExecutionOrderSort2 (0ms)
			AwakeInstancesAfterBackupRestoration (11ms)
Platform modules already initialized, skipping
Refreshing native plugins compatible for Editor in 3.10 ms, found 3 plugins.
Preloading 0 native plugins for Editor in 0.00 ms.
Unloading 3374 Unused Serialized files (Serialized files now loaded: 0)
Unloading 21 unused Assets / (101.3 KB). Loaded Objects now: 3883.
Memory consumption went from 120.8 MB to 120.7 MB.
Total: 5.578900 ms (FindLiveObjects: 0.407500 ms CreateObjectMapping: 0.281000 ms MarkObjects: 4.673500 ms  DeleteObjects: 0.214300 ms)

AssetImportParameters requested are different than current active one (requested -> active):
  custom:video-decoder-ogg-theora: a1e56fd34408186e4bbccfd4996cb3dc -> 
  custom:container-muxer-webm: aa71ff27fc2769a1b78a27578f13a17b -> 
  custom:container-demuxer-webm: 4f35f7cbe854078d1ac9338744f61a02 -> 
  custom:video-encoder-webm-vp8: eb34c28f22e8b96e1ab97ce403110664 -> 
  custom:audio-encoder-webm-vorbis: bf7c407c2cedff20999df2af8eb42d56 -> 
  custom:framework-win-MediaFoundation: 216162199b28c13a410421893ffa2e32 -> 
  custom:container-demuxer-ogg: 62fdf1f143b41e24485cea50d1cbac27 -> 
  custom:video-decoder-webm-vp8: 9c59270c3fd7afecdb556c50c9e8de78 -> 
  custom:audio-decoder-ogg-vorbis: bf7c407c2cedff20999df2af8eb42d56 -> 
========================================================================
Received Import Request.
  Time since last request: 675.779708 seconds.
  path: Assets/Scenes
  artifactKey: Guid(6ea315d0fd7389c41b19996891e99ae3) Importer(815301076,1909f56bfc062723c751e8b465ee728b)
Start importing Assets/Scenes using Guid(6ea315d0fd7389c41b19996891e99ae3) Importer(815301076,1909f56bfc062723c751e8b465ee728b)  -> (artifact id: 'b8193726cff86800c54781cdc6d54904') in 0.051701 seconds 
========================================================================
Received Import Request.
  Time since last request: 1.609531 seconds.
  path: Assets/Scenes/SampleScene.unity
  artifactKey: Guid(9fc0d4010bbf28b4594072e72b8655ab) Importer(815301076,1909f56bfc062723c751e8b465ee728b)
Start importing Assets/Scenes/SampleScene.unity using Guid(9fc0d4010bbf28b4594072e72b8655ab) Importer(815301076,1909f56bfc062723c751e8b465ee728b)  -> (artifact id: 'e55ccaa32d8e5c1de03c07a5412c8c3c') in 0.022493 seconds 
========================================================================
Received Import Request.
  Time since last request: 22.118844 seconds.
  path: Assets/Scenes/Filtro.unity
  artifactKey: Guid(95e7b81bdc0716143b2acbb770b4ff6a) Importer(815301076,1909f56bfc062723c751e8b465ee728b)
Start importing Assets/Scenes/Filtro.unity using Guid(95e7b81bdc0716143b2acbb770b4ff6a) Importer(815301076,1909f56bfc062723c751e8b465ee728b)  -> (artifact id: 'c0ce0f5596d726f00f341b4b42abab95') in 0.008550 seconds 
========================================================================
Received Import Request.
  Time since last request: 10.119508 seconds.
  path: Assets/Scenes/Pixel.unity
  artifactKey: Guid(9fc0d4010bbf28b4594072e72b8655ab) Importer(815301076,1909f56bfc062723c751e8b465ee728b)
Start importing Assets/Scenes/Pixel.unity using Guid(9fc0d4010bbf28b4594072e72b8655ab) Importer(815301076,1909f56bfc062723c751e8b465ee728b)  -> (artifact id: '1e30b5b066791b8c19131a24a1bf521b') in 0.010592 seconds 
========================================================================
Received Import Request.
  Time since last request: 9.106437 seconds.
  path: Assets/Shaders/Pixelation.shader
  artifactKey: Guid(6eee8f6e326810349bd8245e96b2250a) Importer(815301076,1909f56bfc062723c751e8b465ee728b)
Start importing Assets/Shaders/Pixelation.shader using Guid(6eee8f6e326810349bd8245e96b2250a) Importer(815301076,1909f56bfc062723c751e8b465ee728b)  -> (artifact id: 'ceff636643d15d819a5f0eca7c4203f4') in 0.021624 seconds 
========================================================================
Received Import Request.
  Time since last request: 10.496921 seconds.
  path: Assets/Shaders/Pixel
  artifactKey: Guid(e80f1ad4b59775e4da22b937c945c5fb) Importer(815301076,1909f56bfc062723c751e8b465ee728b)
Start importing Assets/Shaders/Pixel using Guid(e80f1ad4b59775e4da22b937c945c5fb) Importer(815301076,1909f56bfc062723c751e8b465ee728b)  -> (artifact id: '2094c4383ac6de5f90551dc37be9af90') in 0.013234 seconds 
========================================================================
Received Prepare
Registering precompiled user dll's ...
Registered in 0.009676 seconds.
Begin MonoManager ReloadAssembly
Symbol file LoadedFromMemory doesn't match image C:\Users\ma-ri\Trab 1 - Pixelate\Library\PackageCache\com.unity.visualscripting@1.7.8\Editor\VisualScripting.Core\Dependencies\YamlDotNet\Unity.VisualScripting.YamlDotNet.dll
Symbol file LoadedFromMemory doesn't match image C:\Users\ma-ri\Trab 1 - Pixelate\Library\PackageCache\com.unity.visualscripting@1.7.8\Editor\VisualScripting.Core\Dependencies\DotNetZip\Unity.VisualScripting.IonicZip.dll
Native extension for WindowsStandalone target not found
Native extension for WebGL target not found
Refreshing native plugins compatible for Editor in 1.62 ms, found 3 plugins.
Preloading 0 native plugins for Editor in 0.00 ms.
Mono: successfully reloaded assembly
- Completed reload, in  2.929 seconds
Domain Reload Profiling:
	ReloadAssembly (2930ms)
		BeginReloadAssembly (214ms)
			ExecutionOrderSort (0ms)
			DisableScriptedObjects (11ms)
			BackupInstance (0ms)
			ReleaseScriptingObjects (0ms)
			CreateAndSetChildDomain (54ms)
		EndReloadAssembly (2542ms)
			LoadAssemblies (133ms)
			RebuildTransferFunctionScriptingTraits (0ms)
			SetupTypeCache (558ms)
			ReleaseScriptCaches (3ms)
			RebuildScriptCaches (170ms)
			SetupLoadedEditorAssemblies (1450ms)
				LogAssemblyErrors (0ms)
				InitializePlatformSupportModulesInManaged (67ms)
				SetLoadedEditorAssemblies (2ms)
				RefreshPlugins (2ms)
				BeforeProcessingInitializeOnLoad (287ms)
				ProcessInitializeOnLoadAttributes (891ms)
				ProcessInitializeOnLoadMethodAttributes (169ms)
				AfterProcessingInitializeOnLoad (31ms)
				EditorAssembliesLoaded (1ms)
			ExecutionOrderSort2 (0ms)
			AwakeInstancesAfterBackupRestoration (13ms)
Platform modules already initialized, skipping
Refreshing native plugins compatible for Editor in 6.98 ms, found 3 plugins.
Preloading 0 native plugins for Editor in 0.00 ms.
Unloading 3374 Unused Serialized files (Serialized files now loaded: 0)
Unloading 21 unused Assets / (101.3 KB). Loaded Objects now: 3886.
Memory consumption went from 120.8 MB to 120.7 MB.
Total: 14.318700 ms (FindLiveObjects: 0.721000 ms CreateObjectMapping: 0.504700 ms MarkObjects: 12.790300 ms  DeleteObjects: 0.299900 ms)

AssetImportParameters requested are different than current active one (requested -> active):
  custom:video-decoder-ogg-theora: a1e56fd34408186e4bbccfd4996cb3dc -> 
  custom:container-muxer-webm: aa71ff27fc2769a1b78a27578f13a17b -> 
  custom:container-demuxer-webm: 4f35f7cbe854078d1ac9338744f61a02 -> 
  custom:video-encoder-webm-vp8: eb34c28f22e8b96e1ab97ce403110664 -> 
  custom:audio-encoder-webm-vorbis: bf7c407c2cedff20999df2af8eb42d56 -> 
  custom:framework-win-MediaFoundation: 216162199b28c13a410421893ffa2e32 -> 
  custom:container-demuxer-ogg: 62fdf1f143b41e24485cea50d1cbac27 -> 
  custom:video-decoder-webm-vp8: 9c59270c3fd7afecdb556c50c9e8de78 -> 
  custom:audio-decoder-ogg-vorbis: bf7c407c2cedff20999df2af8eb42d56 -> 
========================================================================
Received Import Request.
  Time since last request: 227.698418 seconds.
  path: Assets/Shaders/Pixel/Pixelation.mat
  artifactKey: Guid(45c0dd9fcfe141d45be0a50391a2ffb5) Importer(815301076,1909f56bfc062723c751e8b465ee728b)
Start importing Assets/Shaders/Pixel/Pixelation.mat using Guid(45c0dd9fcfe141d45be0a50391a2ffb5) Importer(815301076,1909f56bfc062723c751e8b465ee728b)  -> (artifact id: 'dc92cb7c55b83fc2cce2b727cee383ac') in 0.249938 seconds 
========================================================================
Received Import Request.
  Time since last request: 53.078337 seconds.
  path: Assets/RPGPP_LT/Scene
  artifactKey: Guid(807cf4ac218a00345b44c9bd6cc3bf99) Importer(815301076,1909f56bfc062723c751e8b465ee728b)
Start importing Assets/RPGPP_LT/Scene using Guid(807cf4ac218a00345b44c9bd6cc3bf99) Importer(815301076,1909f56bfc062723c751e8b465ee728b)  -> (artifact id: 'b74c28a16f76ecf83a6f03df265174c4') in 0.024185 seconds 
========================================================================
Received Import Request.
  Time since last request: 2.035164 seconds.
  path: Assets/RPGPP_LT/Scene/rpgpp_lt_scene_1.0.unity
  artifactKey: Guid(d2809ab9b90eea7419d8d90d4c505d35) Importer(815301076,1909f56bfc062723c751e8b465ee728b)
Start importing Assets/RPGPP_LT/Scene/rpgpp_lt_scene_1.0.unity using Guid(d2809ab9b90eea7419d8d90d4c505d35) Importer(815301076,1909f56bfc062723c751e8b465ee728b)  -> (artifact id: 'd85ba0e48739438bed238c402068455a') in 0.022684 seconds 
========================================================================
Received Import Request.
  Time since last request: 122.763087 seconds.
  path: Assets/RPGPP_LT
  artifactKey: Guid(51833e8e07f55594fb3e8cce38ce55fb) Importer(815301076,1909f56bfc062723c751e8b465ee728b)
Start importing Assets/RPGPP_LT using Guid(51833e8e07f55594fb3e8cce38ce55fb) Importer(815301076,1909f56bfc062723c751e8b465ee728b)  -> (artifact id: '1c89426fc8a7c05c79ab8338dc5f7ad5') in 0.021978 seconds 
========================================================================
Received Import Request.
  Time since last request: 7.557680 seconds.
  path: Assets/Scenes/Pixel.unity
  artifactKey: Guid(9fc0d4010bbf28b4594072e72b8655ab) Importer(815301076,1909f56bfc062723c751e8b465ee728b)
Start importing Assets/Scenes/Pixel.unity using Guid(9fc0d4010bbf28b4594072e72b8655ab) Importer(815301076,1909f56bfc062723c751e8b465ee728b)  -> (artifact id: '29b9bdd7d2c7a4a06a1a211257e1f9f7') in 0.007023 seconds 
========================================================================
Received Import Request.
  Time since last request: 62.306447 seconds.
  path: Assets/Shaders/Pixel/Pixelation.mat
  artifactKey: Guid(45c0dd9fcfe141d45be0a50391a2ffb5) Importer(815301076,1909f56bfc062723c751e8b465ee728b)
Start importing Assets/Shaders/Pixel/Pixelation.mat using Guid(45c0dd9fcfe141d45be0a50391a2ffb5) Importer(815301076,1909f56bfc062723c751e8b465ee728b)  -> (artifact id: 'e54e1c07548cb14cc920dfc52f044c8f') in 0.027666 seconds 
========================================================================
Received Import Request.
  Time since last request: 103.666063 seconds.
  path: Assets/Shaders/Pixel/Pixelation.shader
  artifactKey: Guid(6eee8f6e326810349bd8245e96b2250a) Importer(815301076,1909f56bfc062723c751e8b465ee728b)
Start importing Assets/Shaders/Pixel/Pixelation.shader using Guid(6eee8f6e326810349bd8245e96b2250a) Importer(815301076,1909f56bfc062723c751e8b465ee728b)  -> (artifact id: 'ad69c668412f63a625e4c3d3009c326a') in 0.027738 seconds 
========================================================================
Received Import Request.
  Time since last request: 28.821193 seconds.
  path: Assets/Shaders/Pixel/Pixelation.mat
  artifactKey: Guid(45c0dd9fcfe141d45be0a50391a2ffb5) Importer(815301076,1909f56bfc062723c751e8b465ee728b)
Start importing Assets/Shaders/Pixel/Pixelation.mat using Guid(45c0dd9fcfe141d45be0a50391a2ffb5) Importer(815301076,1909f56bfc062723c751e8b465ee728b)  -> (artifact id: '89458b1f32f905ef261465f9796a6af3') in 0.028331 seconds 
========================================================================
Received Import Request.
  Time since last request: 5.245276 seconds.
  path: Assets/Shaders/Pixelation.shader
  artifactKey: Guid(78c43c06f83e6db42bfaf37eae7b5db3) Importer(815301076,1909f56bfc062723c751e8b465ee728b)
Start importing Assets/Shaders/Pixelation.shader using Guid(78c43c06f83e6db42bfaf37eae7b5db3) Importer(815301076,1909f56bfc062723c751e8b465ee728b)  -> (artifact id: 'e1120d577b10d574d5dcc5b4deb5e8ad') in 0.009125 seconds 
========================================================================
Received Import Request.
  Time since last request: 58.425733 seconds.
  path: Assets/Shaders/Pixel/Pixelation.shader
  artifactKey: Guid(6eee8f6e326810349bd8245e96b2250a) Importer(815301076,1909f56bfc062723c751e8b465ee728b)
Start importing Assets/Shaders/Pixel/Pixelation.shader using Guid(6eee8f6e326810349bd8245e96b2250a) Importer(815301076,1909f56bfc062723c751e8b465ee728b)  -> (artifact id: 'a1749ca97b6368ab2d0ae135baa42d35') in 0.003650 seconds 
========================================================================
Received Import Request.
  Time since last request: 78.165689 seconds.
  path: Assets/Shaders/Pixel/Pixelation.mat
  artifactKey: Guid(45c0dd9fcfe141d45be0a50391a2ffb5) Importer(815301076,1909f56bfc062723c751e8b465ee728b)
Start importing Assets/Shaders/Pixel/Pixelation.mat using Guid(45c0dd9fcfe141d45be0a50391a2ffb5) Importer(815301076,1909f56bfc062723c751e8b465ee728b)  -> (artifact id: 'b52698e02828a48b2bf577454c0f1399') in 0.038382 seconds 
========================================================================
Received Import Request.
  Time since last request: 64.430598 seconds.
  path: Assets/New Terrain.asset
  artifactKey: Guid(3bfa4889fcca99c40be244e88bee1070) Importer(815301076,1909f56bfc062723c751e8b465ee728b)
Start importing Assets/New Terrain.asset using Guid(3bfa4889fcca99c40be244e88bee1070) Importer(815301076,1909f56bfc062723c751e8b465ee728b)  -> (artifact id: 'feca1fcf732c25509093202a65982e8f') in 0.089507 seconds 
========================================================================
Received Import Request.
  Time since last request: 22.658590 seconds.
  path: Assets/Scenes/RPGPP_LT/Scene/rpgpp_lt_scene_1.0.unity
  artifactKey: Guid(d2809ab9b90eea7419d8d90d4c505d35) Importer(815301076,1909f56bfc062723c751e8b465ee728b)
Start importing Assets/Scenes/RPGPP_LT/Scene/rpgpp_lt_scene_1.0.unity using Guid(d2809ab9b90eea7419d8d90d4c505d35) Importer(815301076,1909f56bfc062723c751e8b465ee728b)  -> (artifact id: 'e1e790bf92da949112c9f83a8ae5f081') in 0.007573 seconds 
========================================================================
Received Import Request.
  Time since last request: 33.083132 seconds.
  path: Assets/Scenes/Pixel
  artifactKey: Guid(51833e8e07f55594fb3e8cce38ce55fb) Importer(815301076,1909f56bfc062723c751e8b465ee728b)
Start importing Assets/Scenes/Pixel using Guid(51833e8e07f55594fb3e8cce38ce55fb) Importer(815301076,1909f56bfc062723c751e8b465ee728b)  -> (artifact id: '1234df61df8041018851d8879164918f') in 0.007443 seconds 
========================================================================
Received Import Request.
  Time since last request: 9.447402 seconds.
  path: Assets/Scenes/Filtro
  artifactKey: Guid(71ea98a637956374f870a339b542efbe) Importer(815301076,1909f56bfc062723c751e8b465ee728b)
Start importing Assets/Scenes/Filtro using Guid(71ea98a637956374f870a339b542efbe) Importer(815301076,1909f56bfc062723c751e8b465ee728b)  -> (artifact id: 'a13dcec19eef5bfcd82e8136c8f417bd') in 0.015114 seconds 
========================================================================
Received Import Request.
  Time since last request: 6.385873 seconds.
  path: Assets/Scenes/Pixel/Textures/rpgpp_lt_sky_a.tga
  artifactKey: Guid(5c4fa0e44769f8f46a06d96031e56a4e) Importer(815301076,1909f56bfc062723c751e8b465ee728b)
Start importing Assets/Scenes/Pixel/Textures/rpgpp_lt_sky_a.tga using Guid(5c4fa0e44769f8f46a06d96031e56a4e) Importer(815301076,1909f56bfc062723c751e8b465ee728b)  -> (artifact id: 'b47a54cc45beff8d3d5aeff5778a1af5') in 0.099410 seconds 
========================================================================
Received Import Request.
  Time since last request: 3.389799 seconds.
  path: Assets/Scenes/Pixel/Materials/rpgpp_lt_cloud_a.mat
  artifactKey: Guid(434bfd6528d84e643ade0d2cd5c6fe1b) Importer(815301076,1909f56bfc062723c751e8b465ee728b)
Start importing Assets/Scenes/Pixel/Materials/rpgpp_lt_cloud_a.mat using Guid(434bfd6528d84e643ade0d2cd5c6fe1b) Importer(815301076,1909f56bfc062723c751e8b465ee728b)  -> (artifact id: 'ffb8ac36ddcb5da8f4fefa6dcc70bbaf') in 0.423221 seconds 
========================================================================
Received Import Request.
  Time since last request: 0.000041 seconds.
  path: Assets/Scenes/Pixel/Materials/rpgpp_lt_sky_a.mat
  artifactKey: Guid(ff33af19770dd3e489f9c65e388009fe) Importer(815301076,1909f56bfc062723c751e8b465ee728b)
Start importing Assets/Scenes/Pixel/Materials/rpgpp_lt_sky_a.mat using Guid(ff33af19770dd3e489f9c65e388009fe) Importer(815301076,1909f56bfc062723c751e8b465ee728b)  -> (artifact id: 'a6670699483c8ac5291f4fd9c4433aa5') in 0.058079 seconds 
========================================================================
Received Import Request.
  Time since last request: 18.543319 seconds.
  path: Assets/Scenes/Filtro/Textures
  artifactKey: Guid(ee10ef7f9b8a5704e87f3db0ab9b6365) Importer(815301076,1909f56bfc062723c751e8b465ee728b)
Start importing Assets/Scenes/Filtro/Textures using Guid(ee10ef7f9b8a5704e87f3db0ab9b6365) Importer(815301076,1909f56bfc062723c751e8b465ee728b)  -> (artifact id: '10e7e5a0dc48f5d0991db708461135bb') in 0.006877 seconds 
========================================================================
Received Import Request.
  Time since last request: 6.626167 seconds.
  path: Assets/Scenes/Filtro/Scene
  artifactKey: Guid(198cc4fbc4dcfaa47bf3a79545ce59de) Importer(815301076,1909f56bfc062723c751e8b465ee728b)
Start importing Assets/Scenes/Filtro/Scene using Guid(198cc4fbc4dcfaa47bf3a79545ce59de) Importer(815301076,1909f56bfc062723c751e8b465ee728b)  -> (artifact id: '9d112a03c6afcf459b76d81af6032227') in 0.023980 seconds 
========================================================================
Received Import Request.
  Time since last request: 1.067153 seconds.
  path: Assets/Scenes/Filtro/Scene/rpgpp_lt_scene_1.0.unity
  artifactKey: Guid(a1f64fc0d760e3947b0755e49f6597a2) Importer(815301076,1909f56bfc062723c751e8b465ee728b)
Start importing Assets/Scenes/Filtro/Scene/rpgpp_lt_scene_1.0.unity using Guid(a1f64fc0d760e3947b0755e49f6597a2) Importer(815301076,1909f56bfc062723c751e8b465ee728b)  -> (artifact id: 'ad508b0bb4584c1361bc947d09fe536d') in 0.005456 seconds 
========================================================================
Received Import Request.
  Time since last request: 34.359162 seconds.
  path: Assets/Scenes/Filtro/Scene/rpgpp_lt_scene_1.0.unity
  artifactKey: Guid(a1f64fc0d760e3947b0755e49f6597a2) Importer(815301076,1909f56bfc062723c751e8b465ee728b)
Start importing Assets/Scenes/Filtro/Scene/rpgpp_lt_scene_1.0.unity using Guid(a1f64fc0d760e3947b0755e49f6597a2) Importer(815301076,1909f56bfc062723c751e8b465ee728b)  -> (artifact id: '7be115597bf15363611bc5934be3e977') in 0.007013 seconds 
========================================================================
Received Import Request.
  Time since last request: 18.111909 seconds.
  path: Assets/Shaders/Filtro
  artifactKey: Guid(ad6a5c811e97abe4fb316a5ca5029b1f) Importer(815301076,1909f56bfc062723c751e8b465ee728b)
Start importing Assets/Shaders/Filtro using Guid(ad6a5c811e97abe4fb316a5ca5029b1f) Importer(815301076,1909f56bfc062723c751e8b465ee728b)  -> (artifact id: '4f9bb2933659479aa1e707bf99c33a8f') in 0.008323 seconds 
